[13143 - Suricata-Main] 2026-07-22 05:58:07 Notice: suricata: This is Suricata version 8.0.6 RELEASE running in USER mode
[13143 - Suricata-Main] 2026-07-22 05:58:07 Info: cpu: CPUs/cores online: 2
[13143 - Suricata-Main] 2026-07-22 05:58:07 Info: suricata: Setting engine mode to IDS mode by default
[13143 - Suricata-Main] 2026-07-22 05:58:07 Info: exception-policy: master exception-policy set to: auto
[13143 - Suricata-Main] 2026-07-22 05:58:07 Info: suricata: Preparing unexpected signal handling
[13143 - Suricata-Main] 2026-07-22 05:58:08 Info: logopenfile: fast output device (regular) initialized: fast.log
[13143 - Suricata-Main] 2026-07-22 05:58:08 Info: logopenfile: eve-log output device (regular) initialized: eve.json
[13143 - Suricata-Main] 2026-07-22 05:58:08 Info: logopenfile: stats output device (regular) initialized: stats.log
[13143 - Suricata-Main] 2026-07-22 05:58:43 Info: detect: 1 rule files processed. 52080 rules successfully loaded, 0 rules failed, 0 rules skipped
[13143 - Suricata-Main] 2026-07-22 05:58:43 Info: threshold-config: Threshold config parsed: 0 rule(s) found
[13143 - Suricata-Main] 2026-07-22 05:58:43 Info: detect: 52085 signatures processed. 1307 are IP-only rules, 4506 are inspecting packet payload, 46036 inspect application layer, 110 are decoder event only
[13143 - Suricata-Main] 2026-07-22 05:59:07 Warning: mpm-hs: Failed to create Hyperscan cache folder, make sure the  parent folder is writeable or adjust sgh-mpm-caching-path setting (/var/lib/suricata/cache/sgh)
[13143 - Suricata-Main] 2026-07-22 05:59:07 Info: unix-manager: unix socket '/var/run/suricata/suricata-command.socket'
[13143 - Suricata-Main] 2026-07-22 05:59:07 Warning: unix-manager: Unix socket: UNIX socket bind(/var/run/suricata/suricata-command.socket) error: Permission denied
[13143 - Suricata-Main] 2026-07-22 05:59:07 Warning: unix-manager: Unable to create unix command socket
[13569 - RX#01] 2026-07-22 05:59:07 Info: pcap: Starting file run for PCAP/2025-01-22-traffic-analysis-exercise.pcap
[13143 - Suricata-Main] 2026-07-22 05:59:07 Notice: threads: Threads created -> RX: 1 W: 2 FM: 1 FR: 1   Engine started.
[13569 - RX#01] 2026-07-22 05:59:07 Info: checksum: No packets with invalid checksum, assuming checksum offloading is NOT used
[13569 - RX#01] 2026-07-22 05:59:08 Info: pcap: pcap file PCAP/2025-01-22-traffic-analysis-exercise.pcap end of file reached (pcap err code 0)
[13143 - Suricata-Main] 2026-07-22 05:59:08 Notice: suricata: Signal Received.  Stopping engine.
[13143 - Suricata-Main] 2026-07-22 05:59:08 Info: suricata: time elapsed 0.723s
[13569 - RX#01] 2026-07-22 05:59:08 Notice: pcap: read 1 file, 39427 packets, 26128819 bytes
[13143 - Suricata-Main] 2026-07-22 05:59:08 Info: counters: Alerts: 18
